<?xml version="1.0" encoding="UTF-8"?>
<!-- Generated by org.testng.reporters.JUnitXMLReporter -->
<testsuite ignored="0" hostname="eti" failures="0" tests="3" name="Default test" time="7.829" errors="0" timestamp="2023-06-08T18:44:10 IST">
  <testcase classname="test.NopCommerceTest" name="testLogo" time="0.055"/>
  <testcase classname="test.NopCommerceTest" name="testLogin" time="2.317"/>
  <testcase classname="test.NopCommerceTest" name="testLogout" time="1.155"/>
</testsuite> <!-- Default test -->
