<?xml version="1.0" encoding="UTF-8"?>
<testng-results ignored="0" total="3" passed="3" failed="0" skipped="0">
  <reporter-output>
  </reporter-output>
  <suite started-at="2023-06-08T18:45:10 IST" name="Suite" finished-at="2023-06-08T18:45:18 IST" duration-ms="7774">
    <groups>
    </groups>
    <test started-at="2023-06-08T18:45:10 IST" name="Test" finished-at="2023-06-08T18:45:18 IST" duration-ms="7774">
      <class name="test.NopCommerceTest">
        <test-method is-config="true" signature="setup()[pri:0, instance:test.NopCommerceTest@3754a4bf]" started-at="2023-06-08T18:45:10 IST" name="setup" finished-at="2023-06-08T18:45:14 IST" duration-ms="3801" status="PASS">
          <reporter-output>
          </reporter-output>
        </test-method> <!-- setup -->
        <test-method signature="testLogo()[pri:1, instance:test.NopCommerceTest@3754a4bf]" started-at="2023-06-08T18:45:14 IST" name="testLogo" finished-at="2023-06-08T18:45:14 IST" duration-ms="52" status="PASS">
          <reporter-output>
          </reporter-output>
        </test-method> <!-- testLogo -->
        <test-method signature="testLogin()[pri:2, instance:test.NopCommerceTest@3754a4bf]" started-at="2023-06-08T18:45:14 IST" name="testLogin" finished-at="2023-06-08T18:45:16 IST" duration-ms="2377" status="PASS">
          <reporter-output>
          </reporter-output>
        </test-method> <!-- testLogin -->
        <test-method signature="testLogout()[pri:3, instance:test.NopCommerceTest@3754a4bf]" started-at="2023-06-08T18:45:16 IST" name="testLogout" finished-at="2023-06-08T18:45:18 IST" duration-ms="1158" status="PASS">
          <reporter-output>
          </reporter-output>
        </test-method> <!-- testLogout -->
        <test-method is-config="true" signature="tearDown()[pri:0, instance:test.NopCommerceTest@3754a4bf]" started-at="2023-06-08T18:45:18 IST" name="tearDown" finished-at="2023-06-08T18:45:18 IST" duration-ms="95" status="PASS">
          <reporter-output>
          </reporter-output>
        </test-method> <!-- tearDown -->
      </class> <!-- test.NopCommerceTest -->
    </test> <!-- Test -->
  </suite> <!-- Suite -->
</testng-results>
